<?xml version="1.0" encoding="UTF-8"?>
<!-- Generated by org.testng.reporters.JUnitReportReporter -->
<testsuite skipped="0" hostname="DESKTOP-BV1H0TR" name="TestPackage.NewTest" tests="1" failures="0" timestamp="24 Feb 2018 19:52:36 GMT" time="37.119" errors="0">
  <testcase name="mavenTest" time="37.119" classname="TestPackage.NewTest"/>
</testsuite> <!-- TestPackage.NewTest -->
